c:\users\stefa\desktop\lb1-ikp-team\ikpprojekat\loadbalancer\debug\vc142.pdb
c:\users\stefa\desktop\lb1-ikp-team\ikpprojekat\loadbalancer\debug\vc142.idb
c:\users\stefa\desktop\lb1-ikp-team\ikpprojekat\loadbalancer\debug\main.obj
c:\users\stefa\desktop\lb1-ikp-team\ikpprojekat\debug\loadbalancer.pdb
c:\users\stefa\desktop\lb1-ikp-team\ikpprojekat\loadbalancer\debug\loadbalancer.tlog\cl.command.1.tlog
c:\users\stefa\desktop\lb1-ikp-team\ikpprojekat\loadbalancer\debug\loadbalancer.tlog\cl.read.1.tlog
c:\users\stefa\desktop\lb1-ikp-team\ikpprojekat\loadbalancer\debug\loadbalancer.tlog\cl.write.1.tlog
c:\users\stefa\desktop\lb1-ikp-team\ikpprojekat\loadbalancer\debug\loadbalancer.tlog\link-cvtres.read.1.tlog
c:\users\stefa\desktop\lb1-ikp-team\ikpprojekat\loadbalancer\debug\loadbalancer.tlog\link-cvtres.write.1.tlog
c:\users\stefa\desktop\lb1-ikp-team\ikpprojekat\loadbalancer\debug\loadbalancer.tlog\link-rc.read.1.tlog
c:\users\stefa\desktop\lb1-ikp-team\ikpprojekat\loadbalancer\debug\loadbalancer.tlog\link-rc.write.1.tlog
c:\users\stefa\desktop\lb1-ikp-team\ikpprojekat\loadbalancer\debug\loadbalancer.tlog\link.15584-cvtres.read.1.tlog
c:\users\stefa\desktop\lb1-ikp-team\ikpprojekat\loadbalancer\debug\loadbalancer.tlog\link.15584-cvtres.write.1.tlog
c:\users\stefa\desktop\lb1-ikp-team\ikpprojekat\loadbalancer\debug\loadbalancer.tlog\link.15584-rc.read.1.tlog
c:\users\stefa\desktop\lb1-ikp-team\ikpprojekat\loadbalancer\debug\loadbalancer.tlog\link.15584-rc.write.1.tlog
c:\users\stefa\desktop\lb1-ikp-team\ikpprojekat\loadbalancer\debug\loadbalancer.tlog\link.15584.read.1.tlog
c:\users\stefa\desktop\lb1-ikp-team\ikpprojekat\loadbalancer\debug\loadbalancer.tlog\link.15584.write.1.tlog
c:\users\stefa\desktop\lb1-ikp-team\ikpprojekat\loadbalancer\debug\loadbalancer.tlog\link.command.1.tlog
c:\users\stefa\desktop\lb1-ikp-team\ikpprojekat\loadbalancer\debug\loadbalancer.tlog\link.read.1.tlog
c:\users\stefa\desktop\lb1-ikp-team\ikpprojekat\loadbalancer\debug\loadbalancer.tlog\link.write.1.tlog
